Base-pairs identified by 3DNA-DSSR. Non-canonical bps annotated in graphical representation.
Graphical image generated by VARNA-based procedure
Multiplet identified: A.g1 -> [A.G2, A.C22]
Multiplet identified: A.C22 -> [A.g1, A.C21]
Multiplet identified: A.C21 -> [A.G2, A.G20, A.C22]
Multiplet identified: A.G20 -> [A.C3, A.C4, A.G19, A.C21]
Multiplet identified: A.G19 -> [A.C4, A.U5, A.A18, A.G20]
Multiplet identified: A.A18 -> [A.U5, A.A17, A.G19]
Multiplet identified: A.A17 -> [A.U6, A.G16, A.A18]
Multiplet identified: A.G16 -> [A.C7, A.G15, A.A17]
Multiplet identified: A.G15 -> [A.C8, A.C9, A.G14, A.G16]
Multiplet identified: A.G14 -> [A.C9, A.A13, A.G15]
Multiplet identified: A.A13 -> [A.A10, A.A12, A.G14]
Multiplet identified: A.A12 -> [A.A10, A.A13]
Multiplet identified: A.C11 -> [A.C9, A.A10]
Multiplet identified: A.A10 -> [A.C9, A.C11, A.A12, A.A13]
Multiplet identified: A.C9 -> [A.A10, A.C11, A.G14, A.G15]
Multiplet identified: A.C8 -> [A.C7, A.G15]
Multiplet identified: A.C7 -> [A.U6, A.C8, A.G16]
Multiplet identified: A.U6 -> [A.C7, A.A17]
Multiplet identified: A.U5 -> [A.A18, A.G19]
Multiplet identified: A.C4 -> [A.C3, A.G19, A.G20]
Multiplet identified: A.C3 -> [A.G2, A.C4, A.G20]
Multiplet identified: A.G2 -> [A.g1, A.C3, A.C21]
